 * Serving Flask app 'app'
 * Debug mode: on
[31m[1mWARNING: This is a development server. Do not use it in a production deployment. Use a production WSGI server instead.[0m
 * Running on all addresses (0.0.0.0)
 * Running on http://127.0.0.1:5001
 * Running on http://172.16.4.32:5001
[33mPress CTRL+C to quit[0m
 * Restarting with stat
 * Debugger is active!
 * Debugger PIN: 978-332-191
127.0.0.1 - - [08/Feb/2026 00:25:15] "GET /get_collaborators HTTP/1.1" 200 -
127.0.0.1 - - [08/Feb/2026 00:26:46] "GET / HTTP/1.1" 200 -
127.0.0.1 - - [08/Feb/2026 00:26:46] "[33mGET /favicon.ico HTTP/1.1[0m" 404 -
127.0.0.1 - - [08/Feb/2026 00:26:47] "GET /get_collaborators HTTP/1.1" 200 -
127.0.0.1 - - [08/Feb/2026 00:26:52] "[35m[1mPOST /load_profile HTTP/1.1[0m" 500 -
Traceback (most recent call last):
  File "/home/golem/projects/imci_persona/venv/lib/python3.12/site-packages/flask/app.py", line 1536, in __call__
    return self.wsgi_app(environ, start_response)
           ^^^^^^^^^^^^^^^^^^^^^^^^^^^^^^^^^^^^^^
  File "/home/golem/projects/imci_persona/venv/lib/python3.12/site-packages/flask/app.py", line 1514, in wsgi_app
    response = self.handle_exception(e)
               ^^^^^^^^^^^^^^^^^^^^^^^^
  File "/home/golem/projects/imci_persona/venv/lib/python3.12/site-packages/flask/app.py", line 1511, in wsgi_app
    response = self.full_dispatch_request()
               ^^^^^^^^^^^^^^^^^^^^^^^^^^^^
  File "/home/golem/projects/imci_persona/venv/lib/python3.12/site-packages/flask/app.py", line 919, in full_dispatch_request
    rv = self.handle_user_exception(e)
         ^^^^^^^^^^^^^^^^^^^^^^^^^^^^^
  File "/home/golem/projects/imci_persona/venv/lib/python3.12/site-packages/flask/app.py", line 917, in full_dispatch_request
    rv = self.dispatch_request()
         ^^^^^^^^^^^^^^^^^^^^^^^
  File "/home/golem/projects/imci_persona/venv/lib/python3.12/site-packages/flask/app.py", line 902, in dispatch_request
    return self.ensure_sync(self.view_functions[rule.endpoint])(**view_args)  # type: ignore[no-any-return]
           ^^^^^^^^^^^^^^^^^^^^^^^^^^^^^^^^^^^^^^^^^^^^^^^^^^^^^^^^^^^^^^^^^^^^^^^^^^^^^^^^^^^^^^^^^^^^^^^^
  File "/home/golem/projects/imci_persona/app.py", line 242, in load_profile
    chart_data = create_radar_chart(data["skills"], data["interests"], name)
                 ^^^^^^^^^^^^^^^^^^^^^^^^^^^^^^^^^^^^^^^^^^^^^^^^^^^^^^^^^^^
  File "/home/golem/projects/imci_persona/app.py", line 83, in create_radar_chart
    categories = [item["animal"] for item in skills_data]
                  ^^^^^^^^^^^^^^^^^^^^^^^^^^^^^^^^^^^^^^^
KeyError: 'animal'
127.0.0.1 - - [08/Feb/2026 00:26:53] "[35m[1mPOST /load_profile HTTP/1.1[0m" 500 -
Traceback (most recent call last):
  File "/home/golem/projects/imci_persona/venv/lib/python3.12/site-packages/flask/app.py", line 1536, in __call__
    return self.wsgi_app(environ, start_response)
           ^^^^^^^^^^^^^^^^^^^^^^^^^^^^^^^^^^^^^^
  File "/home/golem/projects/imci_persona/venv/lib/python3.12/site-packages/flask/app.py", line 1514, in wsgi_app
    response = self.handle_exception(e)
               ^^^^^^^^^^^^^^^^^^^^^^^^
  File "/home/golem/projects/imci_persona/venv/lib/python3.12/site-packages/flask/app.py", line 1511, in wsgi_app
    response = self.full_dispatch_request()
               ^^^^^^^^^^^^^^^^^^^^^^^^^^^^
  File "/home/golem/projects/imci_persona/venv/lib/python3.12/site-packages/flask/app.py", line 919, in full_dispatch_request
    rv = self.handle_user_exception(e)
         ^^^^^^^^^^^^^^^^^^^^^^^^^^^^^
  File "/home/golem/projects/imci_persona/venv/lib/python3.12/site-packages/flask/app.py", line 917, in full_dispatch_request
    rv = self.dispatch_request()
         ^^^^^^^^^^^^^^^^^^^^^^^
  File "/home/golem/projects/imci_persona/venv/lib/python3.12/site-packages/flask/app.py", line 902, in dispatch_request
    return self.ensure_sync(self.view_functions[rule.endpoint])(**view_args)  # type: ignore[no-any-return]
           ^^^^^^^^^^^^^^^^^^^^^^^^^^^^^^^^^^^^^^^^^^^^^^^^^^^^^^^^^^^^^^^^^^^^^^^^^^^^^^^^^^^^^^^^^^^^^^^^
  File "/home/golem/projects/imci_persona/app.py", line 242, in load_profile
    chart_data = create_radar_chart(data["skills"], data["interests"], name)
                 ^^^^^^^^^^^^^^^^^^^^^^^^^^^^^^^^^^^^^^^^^^^^^^^^^^^^^^^^^^^
  File "/home/golem/projects/imci_persona/app.py", line 83, in create_radar_chart
    categories = [item["animal"] for item in skills_data]
                  ^^^^^^^^^^^^^^^^^^^^^^^^^^^^^^^^^^^^^^^
KeyError: 'animal'
127.0.0.1 - - [08/Feb/2026 00:26:53] "[35m[1mPOST /load_profile HTTP/1.1[0m" 500 -
Traceback (most recent call last):
  File "/home/golem/projects/imci_persona/venv/lib/python3.12/site-packages/flask/app.py", line 1536, in __call__
    return self.wsgi_app(environ, start_response)
           ^^^^^^^^^^^^^^^^^^^^^^^^^^^^^^^^^^^^^^
  File "/home/golem/projects/imci_persona/venv/lib/python3.12/site-packages/flask/app.py", line 1514, in wsgi_app
    response = self.handle_exception(e)
               ^^^^^^^^^^^^^^^^^^^^^^^^
  File "/home/golem/projects/imci_persona/venv/lib/python3.12/site-packages/flask/app.py", line 1511, in wsgi_app
    response = self.full_dispatch_request()
               ^^^^^^^^^^^^^^^^^^^^^^^^^^^^
  File "/home/golem/projects/imci_persona/venv/lib/python3.12/site-packages/flask/app.py", line 919, in full_dispatch_request
    rv = self.handle_user_exception(e)
         ^^^^^^^^^^^^^^^^^^^^^^^^^^^^^
  File "/home/golem/projects/imci_persona/venv/lib/python3.12/site-packages/flask/app.py", line 917, in full_dispatch_request
    rv = self.dispatch_request()
         ^^^^^^^^^^^^^^^^^^^^^^^
  File "/home/golem/projects/imci_persona/venv/lib/python3.12/site-packages/flask/app.py", line 902, in dispatch_request
    return self.ensure_sync(self.view_functions[rule.endpoint])(**view_args)  # type: ignore[no-any-return]
           ^^^^^^^^^^^^^^^^^^^^^^^^^^^^^^^^^^^^^^^^^^^^^^^^^^^^^^^^^^^^^^^^^^^^^^^^^^^^^^^^^^^^^^^^^^^^^^^^
  File "/home/golem/projects/imci_persona/app.py", line 242, in load_profile
    chart_data = create_radar_chart(data["skills"], data["interests"], name)
                 ^^^^^^^^^^^^^^^^^^^^^^^^^^^^^^^^^^^^^^^^^^^^^^^^^^^^^^^^^^^
  File "/home/golem/projects/imci_persona/app.py", line 83, in create_radar_chart
    categories = [item["animal"] for item in skills_data]
                  ^^^^^^^^^^^^^^^^^^^^^^^^^^^^^^^^^^^^^^^
KeyError: 'animal'
127.0.0.1 - - [08/Feb/2026 00:26:54] "[35m[1mPOST /load_profile HTTP/1.1[0m" 500 -
Traceback (most recent call last):
  File "/home/golem/projects/imci_persona/venv/lib/python3.12/site-packages/flask/app.py", line 1536, in __call__
    return self.wsgi_app(environ, start_response)
           ^^^^^^^^^^^^^^^^^^^^^^^^^^^^^^^^^^^^^^
  File "/home/golem/projects/imci_persona/venv/lib/python3.12/site-packages/flask/app.py", line 1514, in wsgi_app
    response = self.handle_exception(e)
               ^^^^^^^^^^^^^^^^^^^^^^^^
  File "/home/golem/projects/imci_persona/venv/lib/python3.12/site-packages/flask/app.py", line 1511, in wsgi_app
    response = self.full_dispatch_request()
               ^^^^^^^^^^^^^^^^^^^^^^^^^^^^
  File "/home/golem/projects/imci_persona/venv/lib/python3.12/site-packages/flask/app.py", line 919, in full_dispatch_request
    rv = self.handle_user_exception(e)
         ^^^^^^^^^^^^^^^^^^^^^^^^^^^^^
  File "/home/golem/projects/imci_persona/venv/lib/python3.12/site-packages/flask/app.py", line 917, in full_dispatch_request
    rv = self.dispatch_request()
         ^^^^^^^^^^^^^^^^^^^^^^^
  File "/home/golem/projects/imci_persona/venv/lib/python3.12/site-packages/flask/app.py", line 902, in dispatch_request
    return self.ensure_sync(self.view_functions[rule.endpoint])(**view_args)  # type: ignore[no-any-return]
           ^^^^^^^^^^^^^^^^^^^^^^^^^^^^^^^^^^^^^^^^^^^^^^^^^^^^^^^^^^^^^^^^^^^^^^^^^^^^^^^^^^^^^^^^^^^^^^^^
  File "/home/golem/projects/imci_persona/app.py", line 242, in load_profile
    chart_data = create_radar_chart(data["skills"], data["interests"], name)
                 ^^^^^^^^^^^^^^^^^^^^^^^^^^^^^^^^^^^^^^^^^^^^^^^^^^^^^^^^^^^
  File "/home/golem/projects/imci_persona/app.py", line 83, in create_radar_chart
    categories = [item["animal"] for item in skills_data]
                  ^^^^^^^^^^^^^^^^^^^^^^^^^^^^^^^^^^^^^^^
KeyError: 'animal'
127.0.0.1 - - [08/Feb/2026 00:26:54] "[35m[1mPOST /load_profile HTTP/1.1[0m" 500 -
Traceback (most recent call last):
  File "/home/golem/projects/imci_persona/venv/lib/python3.12/site-packages/flask/app.py", line 1536, in __call__
    return self.wsgi_app(environ, start_response)
           ^^^^^^^^^^^^^^^^^^^^^^^^^^^^^^^^^^^^^^
  File "/home/golem/projects/imci_persona/venv/lib/python3.12/site-packages/flask/app.py", line 1514, in wsgi_app
    response = self.handle_exception(e)
               ^^^^^^^^^^^^^^^^^^^^^^^^
  File "/home/golem/projects/imci_persona/venv/lib/python3.12/site-packages/flask/app.py", line 1511, in wsgi_app
    response = self.full_dispatch_request()
               ^^^^^^^^^^^^^^^^^^^^^^^^^^^^
  File "/home/golem/projects/imci_persona/venv/lib/python3.12/site-packages/flask/app.py", line 919, in full_dispatch_request
    rv = self.handle_user_exception(e)
         ^^^^^^^^^^^^^^^^^^^^^^^^^^^^^
  File "/home/golem/projects/imci_persona/venv/lib/python3.12/site-packages/flask/app.py", line 917, in full_dispatch_request
    rv = self.dispatch_request()
         ^^^^^^^^^^^^^^^^^^^^^^^
  File "/home/golem/projects/imci_persona/venv/lib/python3.12/site-packages/flask/app.py", line 902, in dispatch_request
    return self.ensure_sync(self.view_functions[rule.endpoint])(**view_args)  # type: ignore[no-any-return]
           ^^^^^^^^^^^^^^^^^^^^^^^^^^^^^^^^^^^^^^^^^^^^^^^^^^^^^^^^^^^^^^^^^^^^^^^^^^^^^^^^^^^^^^^^^^^^^^^^
  File "/home/golem/projects/imci_persona/app.py", line 242, in load_profile
    chart_data = create_radar_chart(data["skills"], data["interests"], name)
                 ^^^^^^^^^^^^^^^^^^^^^^^^^^^^^^^^^^^^^^^^^^^^^^^^^^^^^^^^^^^
  File "/home/golem/projects/imci_persona/app.py", line 83, in create_radar_chart
    categories = [item["animal"] for item in skills_data]
                  ^^^^^^^^^^^^^^^^^^^^^^^^^^^^^^^^^^^^^^^
KeyError: 'animal'
127.0.0.1 - - [08/Feb/2026 00:26:55] "[35m[1mPOST /load_profile HTTP/1.1[0m" 500 -
Traceback (most recent call last):
  File "/home/golem/projects/imci_persona/venv/lib/python3.12/site-packages/flask/app.py", line 1536, in __call__
    return self.wsgi_app(environ, start_response)
           ^^^^^^^^^^^^^^^^^^^^^^^^^^^^^^^^^^^^^^
  File "/home/golem/projects/imci_persona/venv/lib/python3.12/site-packages/flask/app.py", line 1514, in wsgi_app
    response = self.handle_exception(e)
               ^^^^^^^^^^^^^^^^^^^^^^^^
  File "/home/golem/projects/imci_persona/venv/lib/python3.12/site-packages/flask/app.py", line 1511, in wsgi_app
    response = self.full_dispatch_request()
               ^^^^^^^^^^^^^^^^^^^^^^^^^^^^
  File "/home/golem/projects/imci_persona/venv/lib/python3.12/site-packages/flask/app.py", line 919, in full_dispatch_request
    rv = self.handle_user_exception(e)
         ^^^^^^^^^^^^^^^^^^^^^^^^^^^^^
  File "/home/golem/projects/imci_persona/venv/lib/python3.12/site-packages/flask/app.py", line 917, in full_dispatch_request
    rv = self.dispatch_request()
         ^^^^^^^^^^^^^^^^^^^^^^^
  File "/home/golem/projects/imci_persona/venv/lib/python3.12/site-packages/flask/app.py", line 902, in dispatch_request
    return self.ensure_sync(self.view_functions[rule.endpoint])(**view_args)  # type: ignore[no-any-return]
           ^^^^^^^^^^^^^^^^^^^^^^^^^^^^^^^^^^^^^^^^^^^^^^^^^^^^^^^^^^^^^^^^^^^^^^^^^^^^^^^^^^^^^^^^^^^^^^^^
  File "/home/golem/projects/imci_persona/app.py", line 242, in load_profile
    chart_data = create_radar_chart(data["skills"], data["interests"], name)
                 ^^^^^^^^^^^^^^^^^^^^^^^^^^^^^^^^^^^^^^^^^^^^^^^^^^^^^^^^^^^
  File "/home/golem/projects/imci_persona/app.py", line 83, in create_radar_chart
    categories = [item["animal"] for item in skills_data]
                  ^^^^^^^^^^^^^^^^^^^^^^^^^^^^^^^^^^^^^^^
KeyError: 'animal'
127.0.0.1 - - [08/Feb/2026 00:26:55] "[35m[1mPOST /load_profile HTTP/1.1[0m" 500 -
Traceback (most recent call last):
  File "/home/golem/projects/imci_persona/venv/lib/python3.12/site-packages/flask/app.py", line 1536, in __call__
    return self.wsgi_app(environ, start_response)
           ^^^^^^^^^^^^^^^^^^^^^^^^^^^^^^^^^^^^^^
  File "/home/golem/projects/imci_persona/venv/lib/python3.12/site-packages/flask/app.py", line 1514, in wsgi_app
    response = self.handle_exception(e)
               ^^^^^^^^^^^^^^^^^^^^^^^^
  File "/home/golem/projects/imci_persona/venv/lib/python3.12/site-packages/flask/app.py", line 1511, in wsgi_app
    response = self.full_dispatch_request()
               ^^^^^^^^^^^^^^^^^^^^^^^^^^^^
  File "/home/golem/projects/imci_persona/venv/lib/python3.12/site-packages/flask/app.py", line 919, in full_dispatch_request
    rv = self.handle_user_exception(e)
         ^^^^^^^^^^^^^^^^^^^^^^^^^^^^^
  File "/home/golem/projects/imci_persona/venv/lib/python3.12/site-packages/flask/app.py", line 917, in full_dispatch_request
    rv = self.dispatch_request()
         ^^^^^^^^^^^^^^^^^^^^^^^
  File "/home/golem/projects/imci_persona/venv/lib/python3.12/site-packages/flask/app.py", line 902, in dispatch_request
    return self.ensure_sync(self.view_functions[rule.endpoint])(**view_args)  # type: ignore[no-any-return]
           ^^^^^^^^^^^^^^^^^^^^^^^^^^^^^^^^^^^^^^^^^^^^^^^^^^^^^^^^^^^^^^^^^^^^^^^^^^^^^^^^^^^^^^^^^^^^^^^^
  File "/home/golem/projects/imci_persona/app.py", line 242, in load_profile
    chart_data = create_radar_chart(data["skills"], data["interests"], name)
                 ^^^^^^^^^^^^^^^^^^^^^^^^^^^^^^^^^^^^^^^^^^^^^^^^^^^^^^^^^^^
  File "/home/golem/projects/imci_persona/app.py", line 83, in create_radar_chart
    categories = [item["animal"] for item in skills_data]
                  ^^^^^^^^^^^^^^^^^^^^^^^^^^^^^^^^^^^^^^^
KeyError: 'animal'
127.0.0.1 - - [08/Feb/2026 00:26:57] "POST /load_profile HTTP/1.1" 200 -
127.0.0.1 - - [08/Feb/2026 00:26:57] "POST /load_profile HTTP/1.1" 200 -
127.0.0.1 - - [08/Feb/2026 00:26:58] "POST /generate_chart HTTP/1.1" 200 -
127.0.0.1 - - [08/Feb/2026 00:26:58] "POST /generate_chart HTTP/1.1" 200 -
127.0.0.1 - - [08/Feb/2026 00:27:09] "GET /get_collaborators HTTP/1.1" 200 -
127.0.0.1 - - [08/Feb/2026 00:27:29] "POST /start_survey HTTP/1.1" 200 -
127.0.0.1 - - [08/Feb/2026 00:27:33] "POST /generate_chart HTTP/1.1" 200 -
127.0.0.1 - - [08/Feb/2026 00:27:34] "[35m[1mPOST /generate_chart HTTP/1.1[0m" 500 -
Traceback (most recent call last):
  File "/home/golem/projects/imci_persona/venv/lib/python3.12/site-packages/flask/app.py", line 1536, in __call__
    return self.wsgi_app(environ, start_response)
           ^^^^^^^^^^^^^^^^^^^^^^^^^^^^^^^^^^^^^^
  File "/home/golem/projects/imci_persona/venv/lib/python3.12/site-packages/flask/app.py", line 1514, in wsgi_app
    response = self.handle_exception(e)
               ^^^^^^^^^^^^^^^^^^^^^^^^
  File "/home/golem/projects/imci_persona/venv/lib/python3.12/site-packages/flask/app.py", line 1511, in wsgi_app
    response = self.full_dispatch_request()
               ^^^^^^^^^^^^^^^^^^^^^^^^^^^^
  File "/home/golem/projects/imci_persona/venv/lib/python3.12/site-packages/flask/app.py", line 919, in full_dispatch_request
    rv = self.handle_user_exception(e)
         ^^^^^^^^^^^^^^^^^^^^^^^^^^^^^
  File "/home/golem/projects/imci_persona/venv/lib/python3.12/site-packages/flask/app.py", line 917, in full_dispatch_request
    rv = self.dispatch_request()
         ^^^^^^^^^^^^^^^^^^^^^^^
  File "/home/golem/projects/imci_persona/venv/lib/python3.12/site-packages/flask/app.py", line 902, in dispatch_request
    return self.ensure_sync(self.view_functions[rule.endpoint])(**view_args)  # type: ignore[no-any-return]
           ^^^^^^^^^^^^^^^^^^^^^^^^^^^^^^^^^^^^^^^^^^^^^^^^^^^^^^^^^^^^^^^^^^^^^^^^^^^^^^^^^^^^^^^^^^^^^^^^
  File "/home/golem/projects/imci_persona/app.py", line 218, in generate_chart
    chart_data = create_radar_chart(skills_data, interests_data, "Live Preview")
                 ^^^^^^^^^^^^^^^^^^^^^^^^^^^^^^^^^^^^^^^^^^^^^^^^^^^^^^^^^^^^^^^
  File "/home/golem/projects/imci_persona/app.py", line 107, in create_radar_chart
    ax.plot(
  File "/home/golem/projects/imci_persona/venv/lib/python3.12/site-packages/matplotlib/axes/_axes.py", line 1777, in plot
    lines = [*self._get_lines(self, *args, data=data, **kwargs)]
            ^^^^^^^^^^^^^^^^^^^^^^^^^^^^^^^^^^^^^^^^^^^^^^^^^^^^
  File "/home/golem/projects/imci_persona/venv/lib/python3.12/site-packages/matplotlib/axes/_base.py", line 297, in __call__
    yield from self._plot_args(
               ^^^^^^^^^^^^^^^^
  File "/home/golem/projects/imci_persona/venv/lib/python3.12/site-packages/matplotlib/axes/_base.py", line 494, in _plot_args
    raise ValueError(f"x and y must have same first dimension, but "
ValueError: x and y must have same first dimension, but have shapes (3,) and (2,)
127.0.0.1 - - [08/Feb/2026 00:27:36] "POST /generate_chart HTTP/1.1" 200 -
127.0.0.1 - - [08/Feb/2026 00:27:38] "[35m[1mPOST /generate_chart HTTP/1.1[0m" 500 -
Traceback (most recent call last):
  File "/home/golem/projects/imci_persona/venv/lib/python3.12/site-packages/flask/app.py", line 1536, in __call__
    return self.wsgi_app(environ, start_response)
           ^^^^^^^^^^^^^^^^^^^^^^^^^^^^^^^^^^^^^^
  File "/home/golem/projects/imci_persona/venv/lib/python3.12/site-packages/flask/app.py", line 1514, in wsgi_app
    response = self.handle_exception(e)
               ^^^^^^^^^^^^^^^^^^^^^^^^
  File "/home/golem/projects/imci_persona/venv/lib/python3.12/site-packages/flask/app.py", line 1511, in wsgi_app
    response = self.full_dispatch_request()
               ^^^^^^^^^^^^^^^^^^^^^^^^^^^^
  File "/home/golem/projects/imci_persona/venv/lib/python3.12/site-packages/flask/app.py", line 919, in full_dispatch_request
    rv = self.handle_user_exception(e)
         ^^^^^^^^^^^^^^^^^^^^^^^^^^^^^
  File "/home/golem/projects/imci_persona/venv/lib/python3.12/site-packages/flask/app.py", line 917, in full_dispatch_request
    rv = self.dispatch_request()
         ^^^^^^^^^^^^^^^^^^^^^^^
  File "/home/golem/projects/imci_persona/venv/lib/python3.12/site-packages/flask/app.py", line 902, in dispatch_request
    return self.ensure_sync(self.view_functions[rule.endpoint])(**view_args)  # type: ignore[no-any-return]
           ^^^^^^^^^^^^^^^^^^^^^^^^^^^^^^^^^^^^^^^^^^^^^^^^^^^^^^^^^^^^^^^^^^^^^^^^^^^^^^^^^^^^^^^^^^^^^^^^
  File "/home/golem/projects/imci_persona/app.py", line 218, in generate_chart
    chart_data = create_radar_chart(skills_data, interests_data, "Live Preview")
                 ^^^^^^^^^^^^^^^^^^^^^^^^^^^^^^^^^^^^^^^^^^^^^^^^^^^^^^^^^^^^^^^
  File "/home/golem/projects/imci_persona/app.py", line 107, in create_radar_chart
    ax.plot(
  File "/home/golem/projects/imci_persona/venv/lib/python3.12/site-packages/matplotlib/axes/_axes.py", line 1777, in plot
    lines = [*self._get_lines(self, *args, data=data, **kwargs)]
            ^^^^^^^^^^^^^^^^^^^^^^^^^^^^^^^^^^^^^^^^^^^^^^^^^^^^
  File "/home/golem/projects/imci_persona/venv/lib/python3.12/site-packages/matplotlib/axes/_base.py", line 297, in __call__
    yield from self._plot_args(
               ^^^^^^^^^^^^^^^^
  File "/home/golem/projects/imci_persona/venv/lib/python3.12/site-packages/matplotlib/axes/_base.py", line 494, in _plot_args
    raise ValueError(f"x and y must have same first dimension, but "
ValueError: x and y must have same first dimension, but have shapes (4,) and (3,)
127.0.0.1 - - [08/Feb/2026 00:27:41] "POST /generate_chart HTTP/1.1" 200 -
127.0.0.1 - - [08/Feb/2026 00:27:43] "[35m[1mPOST /generate_chart HTTP/1.1[0m" 500 -
Traceback (most recent call last):
  File "/home/golem/projects/imci_persona/venv/lib/python3.12/site-packages/flask/app.py", line 1536, in __call__
    return self.wsgi_app(environ, start_response)
           ^^^^^^^^^^^^^^^^^^^^^^^^^^^^^^^^^^^^^^
  File "/home/golem/projects/imci_persona/venv/lib/python3.12/site-packages/flask/app.py", line 1514, in wsgi_app
    response = self.handle_exception(e)
               ^^^^^^^^^^^^^^^^^^^^^^^^
  File "/home/golem/projects/imci_persona/venv/lib/python3.12/site-packages/flask/app.py", line 1511, in wsgi_app
    response = self.full_dispatch_request()
               ^^^^^^^^^^^^^^^^^^^^^^^^^^^^
  File "/home/golem/projects/imci_persona/venv/lib/python3.12/site-packages/flask/app.py", line 919, in full_dispatch_request
    rv = self.handle_user_exception(e)
         ^^^^^^^^^^^^^^^^^^^^^^^^^^^^^
  File "/home/golem/projects/imci_persona/venv/lib/python3.12/site-packages/flask/app.py", line 917, in full_dispatch_request
    rv = self.dispatch_request()
         ^^^^^^^^^^^^^^^^^^^^^^^
  File "/home/golem/projects/imci_persona/venv/lib/python3.12/site-packages/flask/app.py", line 902, in dispatch_request
    return self.ensure_sync(self.view_functions[rule.endpoint])(**view_args)  # type: ignore[no-any-return]
           ^^^^^^^^^^^^^^^^^^^^^^^^^^^^^^^^^^^^^^^^^^^^^^^^^^^^^^^^^^^^^^^^^^^^^^^^^^^^^^^^^^^^^^^^^^^^^^^^
  File "/home/golem/projects/imci_persona/app.py", line 218, in generate_chart
    chart_data = create_radar_chart(skills_data, interests_data, "Live Preview")
                 ^^^^^^^^^^^^^^^^^^^^^^^^^^^^^^^^^^^^^^^^^^^^^^^^^^^^^^^^^^^^^^^
  File "/home/golem/projects/imci_persona/app.py", line 107, in create_radar_chart
    ax.plot(
  File "/home/golem/projects/imci_persona/venv/lib/python3.12/site-packages/matplotlib/axes/_axes.py", line 1777, in plot
    lines = [*self._get_lines(self, *args, data=data, **kwargs)]
            ^^^^^^^^^^^^^^^^^^^^^^^^^^^^^^^^^^^^^^^^^^^^^^^^^^^^
  File "/home/golem/projects/imci_persona/venv/lib/python3.12/site-packages/matplotlib/axes/_base.py", line 297, in __call__
    yield from self._plot_args(
               ^^^^^^^^^^^^^^^^
  File "/home/golem/projects/imci_persona/venv/lib/python3.12/site-packages/matplotlib/axes/_base.py", line 494, in _plot_args
    raise ValueError(f"x and y must have same first dimension, but "
ValueError: x and y must have same first dimension, but have shapes (5,) and (4,)
127.0.0.1 - - [08/Feb/2026 00:27:45] "POST /generate_chart HTTP/1.1" 200 -
127.0.0.1 - - [08/Feb/2026 00:27:51] "[35m[1mPOST /generate_chart HTTP/1.1[0m" 500 -
Traceback (most recent call last):
  File "/home/golem/projects/imci_persona/venv/lib/python3.12/site-packages/flask/app.py", line 1536, in __call__
    return self.wsgi_app(environ, start_response)
           ^^^^^^^^^^^^^^^^^^^^^^^^^^^^^^^^^^^^^^
  File "/home/golem/projects/imci_persona/venv/lib/python3.12/site-packages/flask/app.py", line 1514, in wsgi_app
    response = self.handle_exception(e)
               ^^^^^^^^^^^^^^^^^^^^^^^^
  File "/home/golem/projects/imci_persona/venv/lib/python3.12/site-packages/flask/app.py", line 1511, in wsgi_app
    response = self.full_dispatch_request()
               ^^^^^^^^^^^^^^^^^^^^^^^^^^^^
  File "/home/golem/projects/imci_persona/venv/lib/python3.12/site-packages/flask/app.py", line 919, in full_dispatch_request
    rv = self.handle_user_exception(e)
         ^^^^^^^^^^^^^^^^^^^^^^^^^^^^^
  File "/home/golem/projects/imci_persona/venv/lib/python3.12/site-packages/flask/app.py", line 917, in full_dispatch_request
    rv = self.dispatch_request()
         ^^^^^^^^^^^^^^^^^^^^^^^
  File "/home/golem/projects/imci_persona/venv/lib/python3.12/site-packages/flask/app.py", line 902, in dispatch_request
    return self.ensure_sync(self.view_functions[rule.endpoint])(**view_args)  # type: ignore[no-any-return]
           ^^^^^^^^^^^^^^^^^^^^^^^^^^^^^^^^^^^^^^^^^^^^^^^^^^^^^^^^^^^^^^^^^^^^^^^^^^^^^^^^^^^^^^^^^^^^^^^^
  File "/home/golem/projects/imci_persona/app.py", line 218, in generate_chart
    chart_data = create_radar_chart(skills_data, interests_data, "Live Preview")
                 ^^^^^^^^^^^^^^^^^^^^^^^^^^^^^^^^^^^^^^^^^^^^^^^^^^^^^^^^^^^^^^^
  File "/home/golem/projects/imci_persona/app.py", line 107, in create_radar_chart
    ax.plot(
  File "/home/golem/projects/imci_persona/venv/lib/python3.12/site-packages/matplotlib/axes/_axes.py", line 1777, in plot
    lines = [*self._get_lines(self, *args, data=data, **kwargs)]
            ^^^^^^^^^^^^^^^^^^^^^^^^^^^^^^^^^^^^^^^^^^^^^^^^^^^^
  File "/home/golem/projects/imci_persona/venv/lib/python3.12/site-packages/matplotlib/axes/_base.py", line 297, in __call__
    yield from self._plot_args(
               ^^^^^^^^^^^^^^^^
  File "/home/golem/projects/imci_persona/venv/lib/python3.12/site-packages/matplotlib/axes/_base.py", line 494, in _plot_args
    raise ValueError(f"x and y must have same first dimension, but "
ValueError: x and y must have same first dimension, but have shapes (6,) and (5,)
127.0.0.1 - - [08/Feb/2026 00:27:53] "POST /generate_chart HTTP/1.1" 200 -
127.0.0.1 - - [08/Feb/2026 00:27:58] "POST /generate_chart HTTP/1.1" 200 -
127.0.0.1 - - [08/Feb/2026 00:28:12] "POST /generate_chart HTTP/1.1" 200 -
127.0.0.1 - - [08/Feb/2026 00:28:17] "POST /submit_survey HTTP/1.1" 200 -
127.0.0.1 - - [08/Feb/2026 00:29:26] "POST /submit_survey HTTP/1.1" 200 -
127.0.0.1 - - [08/Feb/2026 00:29:32] "GET /get_collaborators HTTP/1.1" 200 -
127.0.0.1 - - [08/Feb/2026 00:29:34] "POST /load_profile HTTP/1.1" 200 -
127.0.0.1 - - [08/Feb/2026 00:29:34] "POST /generate_chart HTTP/1.1" 200 -
127.0.0.1 - - [08/Feb/2026 00:29:55] "[33mGET /.well-known/appspecific/com.chrome.devtools.json HTTP/1.1[0m" 404 -
127.0.0.1 - - [08/Feb/2026 00:30:51] "POST /submit_survey HTTP/1.1" 200 -
127.0.0.1 - - [08/Feb/2026 00:30:53] "POST /submit_survey HTTP/1.1" 200 -
127.0.0.1 - - [08/Feb/2026 00:30:54] "GET /get_collaborators HTTP/1.1" 200 -
127.0.0.1 - - [08/Feb/2026 00:30:56] "POST /load_profile HTTP/1.1" 200 -
127.0.0.1 - - [08/Feb/2026 00:30:57] "POST /generate_chart HTTP/1.1" 200 -
127.0.0.1 - - [08/Feb/2026 00:31:07] "POST /start_survey HTTP/1.1" 200 -
127.0.0.1 - - [08/Feb/2026 00:31:16] "POST /generate_chart HTTP/1.1" 200 -
127.0.0.1 - - [08/Feb/2026 00:31:16] "[35m[1mPOST /generate_chart HTTP/1.1[0m" 500 -
Traceback (most recent call last):
  File "/home/golem/projects/imci_persona/venv/lib/python3.12/site-packages/flask/app.py", line 1536, in __call__
    return self.wsgi_app(environ, start_response)
           ^^^^^^^^^^^^^^^^^^^^^^^^^^^^^^^^^^^^^^
  File "/home/golem/projects/imci_persona/venv/lib/python3.12/site-packages/flask/app.py", line 1514, in wsgi_app
    response = self.handle_exception(e)
               ^^^^^^^^^^^^^^^^^^^^^^^^
  File "/home/golem/projects/imci_persona/venv/lib/python3.12/site-packages/flask/app.py", line 1511, in wsgi_app
    response = self.full_dispatch_request()
               ^^^^^^^^^^^^^^^^^^^^^^^^^^^^
  File "/home/golem/projects/imci_persona/venv/lib/python3.12/site-packages/flask/app.py", line 919, in full_dispatch_request
    rv = self.handle_user_exception(e)
         ^^^^^^^^^^^^^^^^^^^^^^^^^^^^^
  File "/home/golem/projects/imci_persona/venv/lib/python3.12/site-packages/flask/app.py", line 917, in full_dispatch_request
    rv = self.dispatch_request()
         ^^^^^^^^^^^^^^^^^^^^^^^
  File "/home/golem/projects/imci_persona/venv/lib/python3.12/site-packages/flask/app.py", line 902, in dispatch_request
    return self.ensure_sync(self.view_functions[rule.endpoint])(**view_args)  # type: ignore[no-any-return]
           ^^^^^^^^^^^^^^^^^^^^^^^^^^^^^^^^^^^^^^^^^^^^^^^^^^^^^^^^^^^^^^^^^^^^^^^^^^^^^^^^^^^^^^^^^^^^^^^^
  File "/home/golem/projects/imci_persona/app.py", line 218, in generate_chart
    chart_data = create_radar_chart(skills_data, interests_data, "Live Preview")
                 ^^^^^^^^^^^^^^^^^^^^^^^^^^^^^^^^^^^^^^^^^^^^^^^^^^^^^^^^^^^^^^^
  File "/home/golem/projects/imci_persona/app.py", line 107, in create_radar_chart
    ax.plot(
  File "/home/golem/projects/imci_persona/venv/lib/python3.12/site-packages/matplotlib/axes/_axes.py", line 1777, in plot
    lines = [*self._get_lines(self, *args, data=data, **kwargs)]
            ^^^^^^^^^^^^^^^^^^^^^^^^^^^^^^^^^^^^^^^^^^^^^^^^^^^^
  File "/home/golem/projects/imci_persona/venv/lib/python3.12/site-packages/matplotlib/axes/_base.py", line 297, in __call__
    yield from self._plot_args(
               ^^^^^^^^^^^^^^^^
  File "/home/golem/projects/imci_persona/venv/lib/python3.12/site-packages/matplotlib/axes/_base.py", line 494, in _plot_args
    raise ValueError(f"x and y must have same first dimension, but "
ValueError: x and y must have same first dimension, but have shapes (3,) and (2,)
127.0.0.1 - - [08/Feb/2026 00:31:18] "POST /generate_chart HTTP/1.1" 200 -
127.0.0.1 - - [08/Feb/2026 00:31:19] "[35m[1mPOST /generate_chart HTTP/1.1[0m" 500 -
Traceback (most recent call last):
  File "/home/golem/projects/imci_persona/venv/lib/python3.12/site-packages/flask/app.py", line 1536, in __call__
    return self.wsgi_app(environ, start_response)
           ^^^^^^^^^^^^^^^^^^^^^^^^^^^^^^^^^^^^^^
  File "/home/golem/projects/imci_persona/venv/lib/python3.12/site-packages/flask/app.py", line 1514, in wsgi_app
    response = self.handle_exception(e)
               ^^^^^^^^^^^^^^^^^^^^^^^^
  File "/home/golem/projects/imci_persona/venv/lib/python3.12/site-packages/flask/app.py", line 1511, in wsgi_app
    response = self.full_dispatch_request()
               ^^^^^^^^^^^^^^^^^^^^^^^^^^^^
  File "/home/golem/projects/imci_persona/venv/lib/python3.12/site-packages/flask/app.py", line 919, in full_dispatch_request
    rv = self.handle_user_exception(e)
         ^^^^^^^^^^^^^^^^^^^^^^^^^^^^^
  File "/home/golem/projects/imci_persona/venv/lib/python3.12/site-packages/flask/app.py", line 917, in full_dispatch_request
    rv = self.dispatch_request()
         ^^^^^^^^^^^^^^^^^^^^^^^
  File "/home/golem/projects/imci_persona/venv/lib/python3.12/site-packages/flask/app.py", line 902, in dispatch_request
    return self.ensure_sync(self.view_functions[rule.endpoint])(**view_args)  # type: ignore[no-any-return]
           ^^^^^^^^^^^^^^^^^^^^^^^^^^^^^^^^^^^^^^^^^^^^^^^^^^^^^^^^^^^^^^^^^^^^^^^^^^^^^^^^^^^^^^^^^^^^^^^^
  File "/home/golem/projects/imci_persona/app.py", line 218, in generate_chart
    chart_data = create_radar_chart(skills_data, interests_data, "Live Preview")
                 ^^^^^^^^^^^^^^^^^^^^^^^^^^^^^^^^^^^^^^^^^^^^^^^^^^^^^^^^^^^^^^^
  File "/home/golem/projects/imci_persona/app.py", line 107, in create_radar_chart
    ax.plot(
  File "/home/golem/projects/imci_persona/venv/lib/python3.12/site-packages/matplotlib/axes/_axes.py", line 1777, in plot
    lines = [*self._get_lines(self, *args, data=data, **kwargs)]
            ^^^^^^^^^^^^^^^^^^^^^^^^^^^^^^^^^^^^^^^^^^^^^^^^^^^^
  File "/home/golem/projects/imci_persona/venv/lib/python3.12/site-packages/matplotlib/axes/_base.py", line 297, in __call__
    yield from self._plot_args(
               ^^^^^^^^^^^^^^^^
  File "/home/golem/projects/imci_persona/venv/lib/python3.12/site-packages/matplotlib/axes/_base.py", line 494, in _plot_args
    raise ValueError(f"x and y must have same first dimension, but "
ValueError: x and y must have same first dimension, but have shapes (4,) and (3,)
127.0.0.1 - - [08/Feb/2026 00:31:21] "POST /generate_chart HTTP/1.1" 200 -
127.0.0.1 - - [08/Feb/2026 00:31:23] "[35m[1mPOST /generate_chart HTTP/1.1[0m" 500 -
Traceback (most recent call last):
  File "/home/golem/projects/imci_persona/venv/lib/python3.12/site-packages/flask/app.py", line 1536, in __call__
    return self.wsgi_app(environ, start_response)
           ^^^^^^^^^^^^^^^^^^^^^^^^^^^^^^^^^^^^^^
  File "/home/golem/projects/imci_persona/venv/lib/python3.12/site-packages/flask/app.py", line 1514, in wsgi_app
    response = self.handle_exception(e)
               ^^^^^^^^^^^^^^^^^^^^^^^^
  File "/home/golem/projects/imci_persona/venv/lib/python3.12/site-packages/flask/app.py", line 1511, in wsgi_app
    response = self.full_dispatch_request()
               ^^^^^^^^^^^^^^^^^^^^^^^^^^^^
  File "/home/golem/projects/imci_persona/venv/lib/python3.12/site-packages/flask/app.py", line 919, in full_dispatch_request
    rv = self.handle_user_exception(e)
         ^^^^^^^^^^^^^^^^^^^^^^^^^^^^^
  File "/home/golem/projects/imci_persona/venv/lib/python3.12/site-packages/flask/app.py", line 917, in full_dispatch_request
    rv = self.dispatch_request()
         ^^^^^^^^^^^^^^^^^^^^^^^
  File "/home/golem/projects/imci_persona/venv/lib/python3.12/site-packages/flask/app.py", line 902, in dispatch_request
    return self.ensure_sync(self.view_functions[rule.endpoint])(**view_args)  # type: ignore[no-any-return]
           ^^^^^^^^^^^^^^^^^^^^^^^^^^^^^^^^^^^^^^^^^^^^^^^^^^^^^^^^^^^^^^^^^^^^^^^^^^^^^^^^^^^^^^^^^^^^^^^^
  File "/home/golem/projects/imci_persona/app.py", line 218, in generate_chart
    chart_data = create_radar_chart(skills_data, interests_data, "Live Preview")
                 ^^^^^^^^^^^^^^^^^^^^^^^^^^^^^^^^^^^^^^^^^^^^^^^^^^^^^^^^^^^^^^^
  File "/home/golem/projects/imci_persona/app.py", line 107, in create_radar_chart
    ax.plot(
  File "/home/golem/projects/imci_persona/venv/lib/python3.12/site-packages/matplotlib/axes/_axes.py", line 1777, in plot
    lines = [*self._get_lines(self, *args, data=data, **kwargs)]
            ^^^^^^^^^^^^^^^^^^^^^^^^^^^^^^^^^^^^^^^^^^^^^^^^^^^^
  File "/home/golem/projects/imci_persona/venv/lib/python3.12/site-packages/matplotlib/axes/_base.py", line 297, in __call__
    yield from self._plot_args(
               ^^^^^^^^^^^^^^^^
  File "/home/golem/projects/imci_persona/venv/lib/python3.12/site-packages/matplotlib/axes/_base.py", line 494, in _plot_args
    raise ValueError(f"x and y must have same first dimension, but "
ValueError: x and y must have same first dimension, but have shapes (5,) and (4,)
127.0.0.1 - - [08/Feb/2026 00:31:25] "POST /generate_chart HTTP/1.1" 200 -
127.0.0.1 - - [08/Feb/2026 00:31:27] "[35m[1mPOST /generate_chart HTTP/1.1[0m" 500 -
Traceback (most recent call last):
  File "/home/golem/projects/imci_persona/venv/lib/python3.12/site-packages/flask/app.py", line 1536, in __call__
    return self.wsgi_app(environ, start_response)
           ^^^^^^^^^^^^^^^^^^^^^^^^^^^^^^^^^^^^^^
  File "/home/golem/projects/imci_persona/venv/lib/python3.12/site-packages/flask/app.py", line 1514, in wsgi_app
    response = self.handle_exception(e)
               ^^^^^^^^^^^^^^^^^^^^^^^^
  File "/home/golem/projects/imci_persona/venv/lib/python3.12/site-packages/flask/app.py", line 1511, in wsgi_app
    response = self.full_dispatch_request()
               ^^^^^^^^^^^^^^^^^^^^^^^^^^^^
  File "/home/golem/projects/imci_persona/venv/lib/python3.12/site-packages/flask/app.py", line 919, in full_dispatch_request
    rv = self.handle_user_exception(e)
         ^^^^^^^^^^^^^^^^^^^^^^^^^^^^^
  File "/home/golem/projects/imci_persona/venv/lib/python3.12/site-packages/flask/app.py", line 917, in full_dispatch_request
    rv = self.dispatch_request()
         ^^^^^^^^^^^^^^^^^^^^^^^
  File "/home/golem/projects/imci_persona/venv/lib/python3.12/site-packages/flask/app.py", line 902, in dispatch_request
    return self.ensure_sync(self.view_functions[rule.endpoint])(**view_args)  # type: ignore[no-any-return]
           ^^^^^^^^^^^^^^^^^^^^^^^^^^^^^^^^^^^^^^^^^^^^^^^^^^^^^^^^^^^^^^^^^^^^^^^^^^^^^^^^^^^^^^^^^^^^^^^^
  File "/home/golem/projects/imci_persona/app.py", line 218, in generate_chart
    chart_data = create_radar_chart(skills_data, interests_data, "Live Preview")
                 ^^^^^^^^^^^^^^^^^^^^^^^^^^^^^^^^^^^^^^^^^^^^^^^^^^^^^^^^^^^^^^^
  File "/home/golem/projects/imci_persona/app.py", line 107, in create_radar_chart
    ax.plot(
  File "/home/golem/projects/imci_persona/venv/lib/python3.12/site-packages/matplotlib/axes/_axes.py", line 1777, in plot
    lines = [*self._get_lines(self, *args, data=data, **kwargs)]
            ^^^^^^^^^^^^^^^^^^^^^^^^^^^^^^^^^^^^^^^^^^^^^^^^^^^^
  File "/home/golem/projects/imci_persona/venv/lib/python3.12/site-packages/matplotlib/axes/_base.py", line 297, in __call__
    yield from self._plot_args(
               ^^^^^^^^^^^^^^^^
  File "/home/golem/projects/imci_persona/venv/lib/python3.12/site-packages/matplotlib/axes/_base.py", line 494, in _plot_args
    raise ValueError(f"x and y must have same first dimension, but "
ValueError: x and y must have same first dimension, but have shapes (6,) and (5,)
127.0.0.1 - - [08/Feb/2026 00:31:29] "POST /generate_chart HTTP/1.1" 200 -
127.0.0.1 - - [08/Feb/2026 00:33:17] "POST /submit_survey HTTP/1.1" 200 -
127.0.0.1 - - [08/Feb/2026 00:33:20] "GET /get_collaborators HTTP/1.1" 200 -
127.0.0.1 - - [08/Feb/2026 00:33:22] "POST /load_profile HTTP/1.1" 200 -
127.0.0.1 - - [08/Feb/2026 00:33:23] "POST /generate_chart HTTP/1.1" 200 -
127.0.0.1 - - [08/Feb/2026 00:33:31] "GET /get_collaborators HTTP/1.1" 200 -
127.0.0.1 - - [08/Feb/2026 00:33:32] "POST /load_profile HTTP/1.1" 200 -
127.0.0.1 - - [08/Feb/2026 00:33:33] "POST /generate_chart HTTP/1.1" 200 -
127.0.0.1 - - [08/Feb/2026 00:33:49] "GET /get_collaborators HTTP/1.1" 200 -
127.0.0.1 - - [08/Feb/2026 00:33:57] "POST /start_survey HTTP/1.1" 200 -
127.0.0.1 - - [08/Feb/2026 00:34:14] "[35m[1mPOST /generate_chart HTTP/1.1[0m" 500 -
Traceback (most recent call last):
  File "/home/golem/projects/imci_persona/venv/lib/python3.12/site-packages/flask/app.py", line 1536, in __call__
    return self.wsgi_app(environ, start_response)
           ^^^^^^^^^^^^^^^^^^^^^^^^^^^^^^^^^^^^^^
  File "/home/golem/projects/imci_persona/venv/lib/python3.12/site-packages/flask/app.py", line 1514, in wsgi_app
    response = self.handle_exception(e)
               ^^^^^^^^^^^^^^^^^^^^^^^^
  File "/home/golem/projects/imci_persona/venv/lib/python3.12/site-packages/flask/app.py", line 1511, in wsgi_app
    response = self.full_dispatch_request()
               ^^^^^^^^^^^^^^^^^^^^^^^^^^^^
  File "/home/golem/projects/imci_persona/venv/lib/python3.12/site-packages/flask/app.py", line 919, in full_dispatch_request
    rv = self.handle_user_exception(e)
         ^^^^^^^^^^^^^^^^^^^^^^^^^^^^^
  File "/home/golem/projects/imci_persona/venv/lib/python3.12/site-packages/flask/app.py", line 917, in full_dispatch_request
    rv = self.dispatch_request()
         ^^^^^^^^^^^^^^^^^^^^^^^
  File "/home/golem/projects/imci_persona/venv/lib/python3.12/site-packages/flask/app.py", line 902, in dispatch_request
    return self.ensure_sync(self.view_functions[rule.endpoint])(**view_args)  # type: ignore[no-any-return]
           ^^^^^^^^^^^^^^^^^^^^^^^^^^^^^^^^^^^^^^^^^^^^^^^^^^^^^^^^^^^^^^^^^^^^^^^^^^^^^^^^^^^^^^^^^^^^^^^^
  File "/home/golem/projects/imci_persona/app.py", line 218, in generate_chart
    chart_data = create_radar_chart(skills_data, interests_data, "Live Preview")
                 ^^^^^^^^^^^^^^^^^^^^^^^^^^^^^^^^^^^^^^^^^^^^^^^^^^^^^^^^^^^^^^^
  File "/home/golem/projects/imci_persona/app.py", line 107, in create_radar_chart
    ax.plot(
  File "/home/golem/projects/imci_persona/venv/lib/python3.12/site-packages/matplotlib/axes/_axes.py", line 1777, in plot
    lines = [*self._get_lines(self, *args, data=data, **kwargs)]
            ^^^^^^^^^^^^^^^^^^^^^^^^^^^^^^^^^^^^^^^^^^^^^^^^^^^^
  File "/home/golem/projects/imci_persona/venv/lib/python3.12/site-packages/matplotlib/axes/_base.py", line 297, in __call__
    yield from self._plot_args(
               ^^^^^^^^^^^^^^^^
  File "/home/golem/projects/imci_persona/venv/lib/python3.12/site-packages/matplotlib/axes/_base.py", line 494, in _plot_args
    raise ValueError(f"x and y must have same first dimension, but "
ValueError: x and y must have same first dimension, but have shapes (6,) and (2,)
127.0.0.1 - - [08/Feb/2026 00:34:15] "[35m[1mPOST /generate_chart HTTP/1.1[0m" 500 -
Traceback (most recent call last):
  File "/home/golem/projects/imci_persona/venv/lib/python3.12/site-packages/flask/app.py", line 1536, in __call__
    return self.wsgi_app(environ, start_response)
           ^^^^^^^^^^^^^^^^^^^^^^^^^^^^^^^^^^^^^^
  File "/home/golem/projects/imci_persona/venv/lib/python3.12/site-packages/flask/app.py", line 1514, in wsgi_app
    response = self.handle_exception(e)
               ^^^^^^^^^^^^^^^^^^^^^^^^
  File "/home/golem/projects/imci_persona/venv/lib/python3.12/site-packages/flask/app.py", line 1511, in wsgi_app
    response = self.full_dispatch_request()
               ^^^^^^^^^^^^^^^^^^^^^^^^^^^^
  File "/home/golem/projects/imci_persona/venv/lib/python3.12/site-packages/flask/app.py", line 919, in full_dispatch_request
    rv = self.handle_user_exception(e)
         ^^^^^^^^^^^^^^^^^^^^^^^^^^^^^
  File "/home/golem/projects/imci_persona/venv/lib/python3.12/site-packages/flask/app.py", line 917, in full_dispatch_request
    rv = self.dispatch_request()
         ^^^^^^^^^^^^^^^^^^^^^^^
  File "/home/golem/projects/imci_persona/venv/lib/python3.12/site-packages/flask/app.py", line 902, in dispatch_request
    return self.ensure_sync(self.view_functions[rule.endpoint])(**view_args)  # type: ignore[no-any-return]
           ^^^^^^^^^^^^^^^^^^^^^^^^^^^^^^^^^^^^^^^^^^^^^^^^^^^^^^^^^^^^^^^^^^^^^^^^^^^^^^^^^^^^^^^^^^^^^^^^
  File "/home/golem/projects/imci_persona/app.py", line 218, in generate_chart
    chart_data = create_radar_chart(skills_data, interests_data, "Live Preview")
                 ^^^^^^^^^^^^^^^^^^^^^^^^^^^^^^^^^^^^^^^^^^^^^^^^^^^^^^^^^^^^^^^
  File "/home/golem/projects/imci_persona/app.py", line 107, in create_radar_chart
    ax.plot(
  File "/home/golem/projects/imci_persona/venv/lib/python3.12/site-packages/matplotlib/axes/_axes.py", line 1777, in plot
    lines = [*self._get_lines(self, *args, data=data, **kwargs)]
            ^^^^^^^^^^^^^^^^^^^^^^^^^^^^^^^^^^^^^^^^^^^^^^^^^^^^
  File "/home/golem/projects/imci_persona/venv/lib/python3.12/site-packages/matplotlib/axes/_base.py", line 297, in __call__
    yield from self._plot_args(
               ^^^^^^^^^^^^^^^^
  File "/home/golem/projects/imci_persona/venv/lib/python3.12/site-packages/matplotlib/axes/_base.py", line 494, in _plot_args
    raise ValueError(f"x and y must have same first dimension, but "
ValueError: x and y must have same first dimension, but have shapes (6,) and (3,)
127.0.0.1 - - [08/Feb/2026 00:34:16] "[35m[1mPOST /generate_chart HTTP/1.1[0m" 500 -
Traceback (most recent call last):
  File "/home/golem/projects/imci_persona/venv/lib/python3.12/site-packages/flask/app.py", line 1536, in __call__
    return self.wsgi_app(environ, start_response)
           ^^^^^^^^^^^^^^^^^^^^^^^^^^^^^^^^^^^^^^
  File "/home/golem/projects/imci_persona/venv/lib/python3.12/site-packages/flask/app.py", line 1514, in wsgi_app
    response = self.handle_exception(e)
               ^^^^^^^^^^^^^^^^^^^^^^^^
  File "/home/golem/projects/imci_persona/venv/lib/python3.12/site-packages/flask/app.py", line 1511, in wsgi_app
    response = self.full_dispatch_request()
               ^^^^^^^^^^^^^^^^^^^^^^^^^^^^
  File "/home/golem/projects/imci_persona/venv/lib/python3.12/site-packages/flask/app.py", line 919, in full_dispatch_request
    rv = self.handle_user_exception(e)
         ^^^^^^^^^^^^^^^^^^^^^^^^^^^^^
  File "/home/golem/projects/imci_persona/venv/lib/python3.12/site-packages/flask/app.py", line 917, in full_dispatch_request
    rv = self.dispatch_request()
         ^^^^^^^^^^^^^^^^^^^^^^^
  File "/home/golem/projects/imci_persona/venv/lib/python3.12/site-packages/flask/app.py", line 902, in dispatch_request
    return self.ensure_sync(self.view_functions[rule.endpoint])(**view_args)  # type: ignore[no-any-return]
           ^^^^^^^^^^^^^^^^^^^^^^^^^^^^^^^^^^^^^^^^^^^^^^^^^^^^^^^^^^^^^^^^^^^^^^^^^^^^^^^^^^^^^^^^^^^^^^^^
  File "/home/golem/projects/imci_persona/app.py", line 218, in generate_chart
    chart_data = create_radar_chart(skills_data, interests_data, "Live Preview")
                 ^^^^^^^^^^^^^^^^^^^^^^^^^^^^^^^^^^^^^^^^^^^^^^^^^^^^^^^^^^^^^^^
  File "/home/golem/projects/imci_persona/app.py", line 107, in create_radar_chart
    ax.plot(
  File "/home/golem/projects/imci_persona/venv/lib/python3.12/site-packages/matplotlib/axes/_axes.py", line 1777, in plot
    lines = [*self._get_lines(self, *args, data=data, **kwargs)]
            ^^^^^^^^^^^^^^^^^^^^^^^^^^^^^^^^^^^^^^^^^^^^^^^^^^^^
  File "/home/golem/projects/imci_persona/venv/lib/python3.12/site-packages/matplotlib/axes/_base.py", line 297, in __call__
    yield from self._plot_args(
               ^^^^^^^^^^^^^^^^
  File "/home/golem/projects/imci_persona/venv/lib/python3.12/site-packages/matplotlib/axes/_base.py", line 494, in _plot_args
    raise ValueError(f"x and y must have same first dimension, but "
ValueError: x and y must have same first dimension, but have shapes (6,) and (4,)
127.0.0.1 - - [08/Feb/2026 00:34:17] "[35m[1mPOST /generate_chart HTTP/1.1[0m" 500 -
Traceback (most recent call last):
  File "/home/golem/projects/imci_persona/venv/lib/python3.12/site-packages/flask/app.py", line 1536, in __call__
    return self.wsgi_app(environ, start_response)
           ^^^^^^^^^^^^^^^^^^^^^^^^^^^^^^^^^^^^^^
  File "/home/golem/projects/imci_persona/venv/lib/python3.12/site-packages/flask/app.py", line 1514, in wsgi_app
    response = self.handle_exception(e)
               ^^^^^^^^^^^^^^^^^^^^^^^^
  File "/home/golem/projects/imci_persona/venv/lib/python3.12/site-packages/flask/app.py", line 1511, in wsgi_app
    response = self.full_dispatch_request()
               ^^^^^^^^^^^^^^^^^^^^^^^^^^^^
  File "/home/golem/projects/imci_persona/venv/lib/python3.12/site-packages/flask/app.py", line 919, in full_dispatch_request
    rv = self.handle_user_exception(e)
         ^^^^^^^^^^^^^^^^^^^^^^^^^^^^^
  File "/home/golem/projects/imci_persona/venv/lib/python3.12/site-packages/flask/app.py", line 917, in full_dispatch_request
    rv = self.dispatch_request()
         ^^^^^^^^^^^^^^^^^^^^^^^
  File "/home/golem/projects/imci_persona/venv/lib/python3.12/site-packages/flask/app.py", line 902, in dispatch_request
    return self.ensure_sync(self.view_functions[rule.endpoint])(**view_args)  # type: ignore[no-any-return]
           ^^^^^^^^^^^^^^^^^^^^^^^^^^^^^^^^^^^^^^^^^^^^^^^^^^^^^^^^^^^^^^^^^^^^^^^^^^^^^^^^^^^^^^^^^^^^^^^^
  File "/home/golem/projects/imci_persona/app.py", line 218, in generate_chart
    chart_data = create_radar_chart(skills_data, interests_data, "Live Preview")
                 ^^^^^^^^^^^^^^^^^^^^^^^^^^^^^^^^^^^^^^^^^^^^^^^^^^^^^^^^^^^^^^^
  File "/home/golem/projects/imci_persona/app.py", line 107, in create_radar_chart
    ax.plot(
  File "/home/golem/projects/imci_persona/venv/lib/python3.12/site-packages/matplotlib/axes/_axes.py", line 1777, in plot
    lines = [*self._get_lines(self, *args, data=data, **kwargs)]
            ^^^^^^^^^^^^^^^^^^^^^^^^^^^^^^^^^^^^^^^^^^^^^^^^^^^^
  File "/home/golem/projects/imci_persona/venv/lib/python3.12/site-packages/matplotlib/axes/_base.py", line 297, in __call__
    yield from self._plot_args(
               ^^^^^^^^^^^^^^^^
  File "/home/golem/projects/imci_persona/venv/lib/python3.12/site-packages/matplotlib/axes/_base.py", line 494, in _plot_args
    raise ValueError(f"x and y must have same first dimension, but "
ValueError: x and y must have same first dimension, but have shapes (6,) and (5,)
/home/golem/projects/imci_persona/app.py:80: RuntimeWarning: More than 20 figures have been opened. Figures created through the pyplot interface (`matplotlib.pyplot.figure`) are retained until explicitly closed and may consume too much memory. (To control this warning, see the rcParam `figure.max_open_warning`). Consider using `matplotlib.pyplot.close()`.
  fig, ax = plt.subplots(figsize=(20, 20), subplot_kw=dict(projection="polar"))
127.0.0.1 - - [08/Feb/2026 00:34:19] "POST /generate_chart HTTP/1.1" 200 -
127.0.0.1 - - [08/Feb/2026 00:34:20] "POST /submit_survey HTTP/1.1" 200 -
127.0.0.1 - - [08/Feb/2026 00:34:23] "GET /get_collaborators HTTP/1.1" 200 -
127.0.0.1 - - [08/Feb/2026 00:34:25] "POST /load_profile HTTP/1.1" 200 -
127.0.0.1 - - [08/Feb/2026 00:34:26] "POST /generate_chart HTTP/1.1" 200 -
127.0.0.1 - - [08/Feb/2026 00:34:27] "GET /get_collaborators HTTP/1.1" 200 -
127.0.0.1 - - [08/Feb/2026 00:34:29] "POST /load_profile HTTP/1.1" 200 -
127.0.0.1 - - [08/Feb/2026 00:34:30] "POST /generate_chart HTTP/1.1" 200 -
127.0.0.1 - - [08/Feb/2026 00:34:31] "GET /get_collaborators HTTP/1.1" 200 -
127.0.0.1 - - [08/Feb/2026 00:34:33] "POST /load_profile HTTP/1.1" 200 -
127.0.0.1 - - [08/Feb/2026 00:34:33] "POST /generate_chart HTTP/1.1" 200 -
127.0.0.1 - - [08/Feb/2026 00:36:02] "POST /submit_survey HTTP/1.1" 200 -
127.0.0.1 - - [08/Feb/2026 00:36:03] "GET /get_collaborators HTTP/1.1" 200 -
127.0.0.1 - - [08/Feb/2026 00:36:07] "POST /load_profile HTTP/1.1" 200 -
127.0.0.1 - - [08/Feb/2026 00:36:08] "POST /generate_chart HTTP/1.1" 200 -
127.0.0.1 - - [08/Feb/2026 00:36:16] "POST /submit_survey HTTP/1.1" 200 -
127.0.0.1 - - [08/Feb/2026 00:36:18] "POST /submit_survey HTTP/1.1" 200 -
127.0.0.1 - - [08/Feb/2026 00:36:19] "GET /get_collaborators HTTP/1.1" 200 -
127.0.0.1 - - [08/Feb/2026 00:36:21] "POST /load_profile HTTP/1.1" 200 -
127.0.0.1 - - [08/Feb/2026 00:36:22] "POST /generate_chart HTTP/1.1" 200 -
 * Detected change in '/home/golem/projects/imci_persona/app.py', reloading
 * Restarting with stat
 * Debugger is active!
 * Debugger PIN: 978-332-191
 * Detected change in '/home/golem/projects/imci_persona/app.py', reloading
 * Restarting with stat
 * Debugger is active!
 * Debugger PIN: 978-332-191
127.0.0.1 - - [08/Feb/2026 00:38:38] "GET /get_collaborators HTTP/1.1" 200 -
